2020-12-31 11:13:17.379  INFO 67994 --- [SpringContextShutdownHook] o.s.s.concurrent.ThreadPoolTaskExecutor  : Shutting down ExecutorService 'applicationTaskExecutor'
2020-12-31 11:13:25.961  INFO 72855 --- [main] com.Application                          : Starting Application on 192.168.5.11 with PID 72855 (/Users/bubba/Documents/Workspace/springbootstart/target/classes started by bubba in /Users/bubba/Documents/Workspace/springbootstart)
2020-12-31 11:13:25.964  INFO 72855 --- [main] com.Application                          : The following profiles are active: dev
2020-12-31 11:13:27.354  INFO 72855 --- [main] o.s.b.w.embedded.tomcat.TomcatWebServer  : Tomcat initialized with port(s): 8082 (http)
2020-12-31 11:13:27.369  INFO 72855 --- [main] o.apache.catalina.core.StandardService   : Starting service [Tomcat]
2020-12-31 11:13:27.369  INFO 72855 --- [main] org.apache.catalina.core.StandardEngine  : Starting Servlet engine: [Apache Tomcat/9.0.37]
2020-12-31 11:13:27.465  INFO 72855 --- [main] o.a.c.c.C.[Tomcat].[localhost].[/crud]   : Initializing Spring embedded WebApplicationContext
2020-12-31 11:13:27.466  INFO 72855 --- [main] w.s.c.ServletWebServerApplicationContext : Root WebApplicationContext: initialization completed in 1411 ms
2020-12-31 11:13:27.694  INFO 72855 --- [main] o.s.s.concurrent.ThreadPoolTaskExecutor  : Initializing ExecutorService 'applicationTaskExecutor'
2020-12-31 11:13:27.812  INFO 72855 --- [main] o.s.b.a.w.s.WelcomePageHandlerMapping    : Adding welcome page: class path resource [public/index.html]
2020-12-31 11:13:27.971  INFO 72855 --- [main] o.s.b.w.embedded.tomcat.TomcatWebServer  : Tomcat started on port(s): 8082 (http) with context path '/crud'
2020-12-31 11:13:27.984  INFO 72855 --- [main] com.Application                          : Started Application in 2.654 seconds (JVM running for 3.102)
2020-12-31 11:13:31.717  INFO 72855 --- [http-nio-8082-exec-1] o.a.c.c.C.[Tomcat].[localhost].[/crud]   : Initializing Spring DispatcherServlet 'dispatcherServlet'
2020-12-31 11:13:31.717  INFO 72855 --- [http-nio-8082-exec-1] o.s.web.servlet.DispatcherServlet        : Initializing Servlet 'dispatcherServlet'
2020-12-31 11:13:31.724  INFO 72855 --- [http-nio-8082-exec-1] o.s.web.servlet.DispatcherServlet        : Completed initialization in 7 ms
2020-12-31 11:15:55.454  INFO 72855 --- [SpringContextShutdownHook] o.s.s.concurrent.ThreadPoolTaskExecutor  : Shutting down ExecutorService 'applicationTaskExecutor'
2020-12-31 11:16:04.544  INFO 72903 --- [main] com.Application                          : Starting Application on 192.168.5.11 with PID 72903 (/Users/bubba/Documents/Workspace/springbootstart/target/classes started by bubba in /Users/bubba/Documents/Workspace/springbootstart)
2020-12-31 11:16:04.546  INFO 72903 --- [main] com.Application                          : The following profiles are active: dev
2020-12-31 11:16:05.685  INFO 72903 --- [main] o.s.b.w.embedded.tomcat.TomcatWebServer  : Tomcat initialized with port(s): 8082 (http)
2020-12-31 11:16:05.695  INFO 72903 --- [main] o.apache.catalina.core.StandardService   : Starting service [Tomcat]
2020-12-31 11:16:05.696  INFO 72903 --- [main] org.apache.catalina.core.StandardEngine  : Starting Servlet engine: [Apache Tomcat/9.0.37]
2020-12-31 11:16:05.781  INFO 72903 --- [main] o.a.c.c.C.[Tomcat].[localhost].[/crud]   : Initializing Spring embedded WebApplicationContext
2020-12-31 11:16:05.781  INFO 72903 --- [main] w.s.c.ServletWebServerApplicationContext : Root WebApplicationContext: initialization completed in 1180 ms
2020-12-31 11:16:05.984  INFO 72903 --- [main] o.s.s.concurrent.ThreadPoolTaskExecutor  : Initializing ExecutorService 'applicationTaskExecutor'
2020-12-31 11:16:06.073  INFO 72903 --- [main] o.s.b.a.w.s.WelcomePageHandlerMapping    : Adding welcome page: class path resource [public/index.html]
2020-12-31 11:16:06.202  INFO 72903 --- [main] o.s.b.w.embedded.tomcat.TomcatWebServer  : Tomcat started on port(s): 8082 (http) with context path '/crud'
2020-12-31 11:16:06.211  INFO 72903 --- [main] com.Application                          : Started Application in 2.061 seconds (JVM running for 2.437)
2020-12-31 11:16:10.677  INFO 72903 --- [http-nio-8082-exec-1] o.a.c.c.C.[Tomcat].[localhost].[/crud]   : Initializing Spring DispatcherServlet 'dispatcherServlet'
2020-12-31 11:16:10.678  INFO 72903 --- [http-nio-8082-exec-1] o.s.web.servlet.DispatcherServlet        : Initializing Servlet 'dispatcherServlet'
2020-12-31 11:16:10.685  INFO 72903 --- [http-nio-8082-exec-1] o.s.web.servlet.DispatcherServlet        : Completed initialization in 7 ms
2020-12-31 11:17:37.097  INFO 72903 --- [SpringContextShutdownHook] o.s.s.concurrent.ThreadPoolTaskExecutor  : Shutting down ExecutorService 'applicationTaskExecutor'
2020-12-31 11:18:03.878  INFO 72948 --- [main] com.Application                          : Starting Application on 192.168.5.11 with PID 72948 (/Users/bubba/Documents/Workspace/springbootstart/target/classes started by bubba in /Users/bubba/Documents/Workspace/springbootstart)
2020-12-31 11:18:03.880  INFO 72948 --- [main] com.Application                          : The following profiles are active: dev
2020-12-31 11:18:05.167  INFO 72948 --- [main] o.s.b.w.embedded.tomcat.TomcatWebServer  : Tomcat initialized with port(s): 8082 (http)
2020-12-31 11:18:05.180  INFO 72948 --- [main] o.apache.catalina.core.StandardService   : Starting service [Tomcat]
2020-12-31 11:18:05.180  INFO 72948 --- [main] org.apache.catalina.core.StandardEngine  : Starting Servlet engine: [Apache Tomcat/9.0.37]
2020-12-31 11:18:05.267  INFO 72948 --- [main] o.a.c.c.C.[Tomcat].[localhost].[/crud]   : Initializing Spring embedded WebApplicationContext
2020-12-31 11:18:05.267  INFO 72948 --- [main] w.s.c.ServletWebServerApplicationContext : Root WebApplicationContext: initialization completed in 1316 ms
2020-12-31 11:18:05.504  INFO 72948 --- [main] o.s.s.concurrent.ThreadPoolTaskExecutor  : Initializing ExecutorService 'applicationTaskExecutor'
2020-12-31 11:18:05.582  INFO 72948 --- [main] o.s.b.a.w.s.WelcomePageHandlerMapping    : Adding welcome page: class path resource [public/index.html]
2020-12-31 11:18:05.723  INFO 72948 --- [main] o.s.b.w.embedded.tomcat.TomcatWebServer  : Tomcat started on port(s): 8082 (http) with context path '/crud'
2020-12-31 11:18:05.733  INFO 72948 --- [main] com.Application                          : Started Application in 2.261 seconds (JVM running for 2.661)
2020-12-31 11:18:09.339  INFO 72948 --- [http-nio-8082-exec-1] o.a.c.c.C.[Tomcat].[localhost].[/crud]   : Initializing Spring DispatcherServlet 'dispatcherServlet'
2020-12-31 11:18:09.339  INFO 72948 --- [http-nio-8082-exec-1] o.s.web.servlet.DispatcherServlet        : Initializing Servlet 'dispatcherServlet'
2020-12-31 11:18:09.345  INFO 72948 --- [http-nio-8082-exec-1] o.s.web.servlet.DispatcherServlet        : Completed initialization in 6 ms
2020-12-31 11:18:16.388  INFO 72948 --- [SpringContextShutdownHook] o.s.s.concurrent.ThreadPoolTaskExecutor  : Shutting down ExecutorService 'applicationTaskExecutor'
2020-12-31 11:18:32.217  INFO 72967 --- [main] com.Application                          : Starting Application on 192.168.5.11 with PID 72967 (/Users/bubba/Documents/Workspace/springbootstart/target/classes started by bubba in /Users/bubba/Documents/Workspace/springbootstart)
2020-12-31 11:18:32.220  INFO 72967 --- [main] com.Application                          : The following profiles are active: dev
2020-12-31 11:18:33.457  INFO 72967 --- [main] o.s.b.w.embedded.tomcat.TomcatWebServer  : Tomcat initialized with port(s): 8082 (http)
2020-12-31 11:18:33.469  INFO 72967 --- [main] o.apache.catalina.core.StandardService   : Starting service [Tomcat]
2020-12-31 11:18:33.470  INFO 72967 --- [main] org.apache.catalina.core.StandardEngine  : Starting Servlet engine: [Apache Tomcat/9.0.37]
2020-12-31 11:18:33.567  INFO 72967 --- [main] o.a.c.c.C.[Tomcat].[localhost].[/crud]   : Initializing Spring embedded WebApplicationContext
2020-12-31 11:18:33.568  INFO 72967 --- [main] w.s.c.ServletWebServerApplicationContext : Root WebApplicationContext: initialization completed in 1285 ms
2020-12-31 11:18:33.800  INFO 72967 --- [main] o.s.s.concurrent.ThreadPoolTaskExecutor  : Initializing ExecutorService 'applicationTaskExecutor'
2020-12-31 11:18:33.884  INFO 72967 --- [main] o.s.b.a.w.s.WelcomePageHandlerMapping    : Adding welcome page: class path resource [public/index.html]
2020-12-31 11:18:34.046  INFO 72967 --- [main] o.s.b.w.embedded.tomcat.TomcatWebServer  : Tomcat started on port(s): 8082 (http) with context path '/crud'
2020-12-31 11:18:34.057  INFO 72967 --- [main] com.Application                          : Started Application in 2.256 seconds (JVM running for 2.625)
2020-12-31 11:18:37.087  INFO 72967 --- [http-nio-8082-exec-1] o.a.c.c.C.[Tomcat].[localhost].[/crud]   : Initializing Spring DispatcherServlet 'dispatcherServlet'
2020-12-31 11:18:37.088  INFO 72967 --- [http-nio-8082-exec-1] o.s.web.servlet.DispatcherServlet        : Initializing Servlet 'dispatcherServlet'
2020-12-31 11:18:37.095  INFO 72967 --- [http-nio-8082-exec-1] o.s.web.servlet.DispatcherServlet        : Completed initialization in 7 ms
2020-12-31 11:28:39.990  INFO 72967 --- [SpringContextShutdownHook] o.s.s.concurrent.ThreadPoolTaskExecutor  : Shutting down ExecutorService 'applicationTaskExecutor'
2020-12-31 11:28:45.495  INFO 73223 --- [main] com.Application                          : Starting Application on 192.168.5.11 with PID 73223 (/Users/bubba/Documents/Workspace/springbootstart/target/classes started by bubba in /Users/bubba/Documents/Workspace/springbootstart)
2020-12-31 11:28:45.498  INFO 73223 --- [main] com.Application                          : The following profiles are active: dev
2020-12-31 11:28:46.737  INFO 73223 --- [main] o.s.b.w.embedded.tomcat.TomcatWebServer  : Tomcat initialized with port(s): 8082 (http)
2020-12-31 11:28:46.749  INFO 73223 --- [main] o.apache.catalina.core.StandardService   : Starting service [Tomcat]
2020-12-31 11:28:46.750  INFO 73223 --- [main] org.apache.catalina.core.StandardEngine  : Starting Servlet engine: [Apache Tomcat/9.0.37]
2020-12-31 11:28:46.851  INFO 73223 --- [main] o.a.c.c.C.[Tomcat].[localhost].[/crud]   : Initializing Spring embedded WebApplicationContext
2020-12-31 11:28:46.852  INFO 73223 --- [main] w.s.c.ServletWebServerApplicationContext : Root WebApplicationContext: initialization completed in 1296 ms
2020-12-31 11:28:47.079  INFO 73223 --- [main] o.s.s.concurrent.ThreadPoolTaskExecutor  : Initializing ExecutorService 'applicationTaskExecutor'
2020-12-31 11:28:47.184  INFO 73223 --- [main] o.s.b.a.w.s.WelcomePageHandlerMapping    : Adding welcome page: class path resource [public/index.html]
2020-12-31 11:28:47.333  INFO 73223 --- [main] o.s.b.w.embedded.tomcat.TomcatWebServer  : Tomcat started on port(s): 8082 (http) with context path '/crud'
2020-12-31 11:28:47.343  INFO 73223 --- [main] com.Application                          : Started Application in 2.253 seconds (JVM running for 2.64)
2020-12-31 11:29:15.758  INFO 73223 --- [http-nio-8082-exec-1] o.a.c.c.C.[Tomcat].[localhost].[/crud]   : Initializing Spring DispatcherServlet 'dispatcherServlet'
2020-12-31 11:29:15.759  INFO 73223 --- [http-nio-8082-exec-1] o.s.web.servlet.DispatcherServlet        : Initializing Servlet 'dispatcherServlet'
2020-12-31 11:29:15.766  INFO 73223 --- [http-nio-8082-exec-1] o.s.web.servlet.DispatcherServlet        : Completed initialization in 7 ms
